<?xml version="1.0" encoding="UTF-8" ?>
<testsuites>
 <testsuite name="DA::Input Observation " timestamp="2019-03-14T19:34:14" hostname="localhost" time="184.216" errors="0" tests="1" skipped="0" disabled="0" failures="0">
  <testcase classname="06 Observations ROLLEDOVER when COB Date is unlocked - ALM ID 38493" name="should Rollover the observations when the COB date is unlocked" time="62.615" />
 </testsuite>
 <testsuite name="DA::Input Observation " timestamp="2019-03-14T19:37:18" hostname="localhost" time="134.012" errors="0" tests="1" skipped="0" disabled="0" failures="0">
  <testcase classname="Input Observation - Do NOT make an observation for MP - ALM ID 39854" name="should not update the RAG Status" time="34.832" />
 </testsuite>
 <testsuite name="DA::MP Configuration" timestamp="2019-03-14T19:39:32" hostname="localhost" time="140.858" errors="0" tests="1" skipped="0" disabled="0" failures="1">
  <testcase classname="02. User adds a new MP to an Intersect without any MP - ALM ID 38525 (failing because RDARR-11621)" name="should add a new MP to an Intersect without any MP" time="51.248">
   <failure type="exception" message="Failed: Cannot click on element (WARNING: The server did not provide any stacktrace information)
Command duration or timeout: 65 milliseconds
Build info: version: &apos;2.53.1&apos;, revision: &apos;a36b8b1&apos;, time: &apos;2016-06-30 17:37:03&apos;
System info: host: &apos;LONCRASD0001&apos;, ip: &apos;10.240.134.133&apos;, os.name: &apos;Windows Server 2008 R2&apos;, os.arch: &apos;amd64&apos;, os.version: &apos;6.1&apos;, java.version: &apos;1.8.0_131&apos;
Driver info: org.openqa.selenium.ie.InternetExplorerDriver
Capabilities [{browserAttachTimeout=0, ie.enableFullPageScreenshot=true, enablePersistentHover=true, ie.forceCreateProcessApi=false, ie.forceShellWindowsApi=true, pageLoadStrategy=normal, ignoreZoomSetting=true, ie.fileUploadDialogTimeout=5000, version=11, platform=WINDOWS, nativeEvents=true, ie.ensureCleanSession=false, elementScrollBehavior=0, ie.browserCommandLineSwitches=, requireWindowFocus=false, browserName=internet explorer, initialBrowserUrl=http://localhost:7929/, javascriptEnabled=true, ignoreProtectedModeSettings=true, enableElementCacheCleanup=true, unexpectedAlertBehaviour=dismiss}]
Session ID: 716b6309-1030-4f9e-8fc7-92025c55c271"><![CDATA[ElementNotVisibleError: Cannot click on element (WARNING: The server did not provide any stacktrace information)
Command duration or timeout: 65 milliseconds
Build info: version: '2.53.1', revision: 'a36b8b1', time: '2016-06-30 17:37:03'
System info: host: 'LONCRASD0001', ip: '10.240.134.133', os.name: 'Windows Server 2008 R2', os.arch: 'amd64', os.version: '6.1', java.version: '1.8.0_131'
Driver info: org.openqa.selenium.ie.InternetExplorerDriver
Capabilities [{browserAttachTimeout=0, ie.enableFullPageScreenshot=true, enablePersistentHover=true, ie.forceCreateProcessApi=false, ie.forceShellWindowsApi=true, pageLoadStrategy=normal, ignoreZoomSetting=true, ie.fileUploadDialogTimeout=5000, version=11, platform=WINDOWS, nativeEvents=true, ie.ensureCleanSession=false, elementScrollBehavior=0, ie.browserCommandLineSwitches=, requireWindowFocus=false, browserName=internet explorer, initialBrowserUrl=http://localhost:7929/, javascriptEnabled=true, ignoreProtectedModeSettings=true, enableElementCacheCleanup=true, unexpectedAlertBehaviour=dismiss}]
Session ID: 716b6309-1030-4f9e-8fc7-92025c55c271
    at WebDriverError (D:\Automation_Test_Agent\BuildAgentUpgraded\work\c4a2023210cac123\node_modules\protractor\node_modules\selenium-webdriver\lib\error.js:27:10)
    at ElementNotVisibleError (D:\Automation_Test_Agent\BuildAgentUpgraded\work\c4a2023210cac123\node_modules\protractor\node_modules\selenium-webdriver\lib\error.js:76:10)
    at Object.checkLegacyResponse (D:\Automation_Test_Agent\BuildAgentUpgraded\work\c4a2023210cac123\node_modules\protractor\node_modules\selenium-webdriver\lib\error.js:639:15)
    at parseHttpResponse (D:\Automation_Test_Agent\BuildAgentUpgraded\work\c4a2023210cac123\node_modules\protractor\node_modules\selenium-webdriver\http\index.js:538:13)
    at D:\Automation_Test_Agent\BuildAgentUpgraded\work\c4a2023210cac123\node_modules\protractor\node_modules\selenium-webdriver\http\index.js:472:11
    at ManagedPromise.invokeCallback_ (D:\Automation_Test_Agent\BuildAgentUpgraded\work\c4a2023210cac123\node_modules\protractor\node_modules\selenium-webdriver\lib\promise.js:1379:14)
    at TaskQueue.execute_ (D:\Automation_Test_Agent\BuildAgentUpgraded\work\c4a2023210cac123\node_modules\protractor\node_modules\selenium-webdriver\lib\promise.js:2913:14)
    at TaskQueue.executeNext_ (D:\Automation_Test_Agent\BuildAgentUpgraded\work\c4a2023210cac123\node_modules\protractor\node_modules\selenium-webdriver\lib\promise.js:2896:21)
    at D:\Automation_Test_Agent\BuildAgentUpgraded\work\c4a2023210cac123\node_modules\protractor\node_modules\selenium-webdriver\lib\promise.js:2820:25
    at D:\Automation_Test_Agent\BuildAgentUpgraded\work\c4a2023210cac123\node_modules\protractor\node_modules\selenium-webdriver\lib\promise.js:639:7
From: Task: WebElement.click()
    at WebDriver.schedule (D:\Automation_Test_Agent\BuildAgentUpgraded\work\c4a2023210cac123\node_modules\protractor\node_modules\selenium-webdriver\lib\webdriver.js:377:17)
    at WebElement.schedule_ (D:\Automation_Test_Agent\BuildAgentUpgraded\work\c4a2023210cac123\node_modules\protractor\node_modules\selenium-webdriver\lib\webdriver.js:1744:25)
    at WebElement.click (D:\Automation_Test_Agent\BuildAgentUpgraded\work\c4a2023210cac123\node_modules\protractor\node_modules\selenium-webdriver\lib\webdriver.js:1845:17)
    at actionFn (D:\Automation_Test_Agent\BuildAgentUpgraded\work\c4a2023210cac123\node_modules\protractor\built\element.js:101:44)
    at Array.map (native)
    at D:\Automation_Test_Agent\BuildAgentUpgraded\work\c4a2023210cac123\node_modules\protractor\built\element.js:463:80
    at ManagedPromise.invokeCallback_ (D:\Automation_Test_Agent\BuildAgentUpgraded\work\c4a2023210cac123\node_modules\protractor\node_modules\selenium-webdriver\lib\promise.js:1379:14)
    at TaskQueue.execute_ (D:\Automation_Test_Agent\BuildAgentUpgraded\work\c4a2023210cac123\node_modules\protractor\node_modules\selenium-webdriver\lib\promise.js:2913:14)
    at TaskQueue.executeNext_ (D:\Automation_Test_Agent\BuildAgentUpgraded\work\c4a2023210cac123\node_modules\protractor\node_modules\selenium-webdriver\lib\promise.js:2896:21)
    at D:\Automation_Test_Agent\BuildAgentUpgraded\work\c4a2023210cac123\node_modules\protractor\node_modules\selenium-webdriver\lib\promise.js:2775:27Error
    at ElementArrayFinder.applyAction_ (D:\Automation_Test_Agent\BuildAgentUpgraded\work\c4a2023210cac123\node_modules\protractor\built\element.js:461:27)
    at ElementArrayFinder._this.(anonymous function) [as click] (D:\Automation_Test_Agent\BuildAgentUpgraded\work\c4a2023210cac123\node_modules\protractor\built\element.js:103:30)
    at ElementFinder.(anonymous function) [as click] (D:\Automation_Test_Agent\BuildAgentUpgraded\work\c4a2023210cac123\node_modules\protractor\built\element.js:829:22)
    at null.MPModal.balanceWeightings (D:\Automation_Test_Agent\BuildAgentUpgraded\work\c4a2023210cac123\test-critical-pack\page-object\mp-configuration\mp-modal.po.js:206:41)
    at addMPandSetDetails (D:\Automation_Test_Agent\BuildAgentUpgraded\work\c4a2023210cac123\features\da\mpConfiguration\38525\38525.spec.js:83:36)
    at addMP (D:\Automation_Test_Agent\BuildAgentUpgraded\work\c4a2023210cac123\features\da\mpConfiguration\38525\38525.spec.js:60:9)
    at Object.<anonymous> (D:\Automation_Test_Agent\BuildAgentUpgraded\work\c4a2023210cac123\features\da\mpConfiguration\38525\38525.spec.js:47:9)
    at D:\Automation_Test_Agent\BuildAgentUpgraded\work\c4a2023210cac123\node_modules\protractor\node_modules\jasminewd2\index.js:94:23
    at new ManagedPromise (D:\Automation_Test_Agent\BuildAgentUpgraded\work\c4a2023210cac123\node_modules\protractor\node_modules\selenium-webdriver\lib\promise.js:1082:7)
    at controlFlowExecute (D:\Automation_Test_Agent\BuildAgentUpgraded\work\c4a2023210cac123\node_modules\protractor\node_modules\jasminewd2\index.js:80:18)
From: Task: Run it("should add a new MP to an Intersect without any MP") in control flow
    at Object.<anonymous> (D:\Automation_Test_Agent\BuildAgentUpgraded\work\c4a2023210cac123\node_modules\protractor\node_modules\jasminewd2\index.js:79:14)
    at attemptAsync (D:\Automation_Test_Agent\BuildAgentUpgraded\work\c4a2023210cac123\node_modules\jasmine\node_modules\jasmine-core\lib\jasmine-core\jasmine.js:1916:24)
    at QueueRunner.run (D:\Automation_Test_Agent\BuildAgentUpgraded\work\c4a2023210cac123\node_modules\jasmine\node_modules\jasmine-core\lib\jasmine-core\jasmine.js:1871:9)
    at QueueRunner.execute (D:\Automation_Test_Agent\BuildAgentUpgraded\work\c4a2023210cac123\node_modules\jasmine\node_modules\jasmine-core\lib\jasmine-core\jasmine.js:1859:10)
    at Spec.Env.queueRunnerFactory (D:\Automation_Test_Agent\BuildAgentUpgraded\work\c4a2023210cac123\node_modules\jasmine\node_modules\jasmine-core\lib\jasmine-core\jasmine.js:697:35)
    at Spec.execute (D:\Automation_Test_Agent\BuildAgentUpgraded\work\c4a2023210cac123\node_modules\jasmine\node_modules\jasmine-core\lib\jasmine-core\jasmine.js:359:10)
    at Object.fn (D:\Automation_Test_Agent\BuildAgentUpgraded\work\c4a2023210cac123\node_modules\jasmine\node_modules\jasmine-core\lib\jasmine-core\jasmine.js:2479:37)
    at attemptAsync (D:\Automation_Test_Agent\BuildAgentUpgraded\work\c4a2023210cac123\node_modules\jasmine\node_modules\jasmine-core\lib\jasmine-core\jasmine.js:1916:24)
    at QueueRunner.run (D:\Automation_Test_Agent\BuildAgentUpgraded\work\c4a2023210cac123\node_modules\jasmine\node_modules\jasmine-core\lib\jasmine-core\jasmine.js:1871:9)
    at D:\Automation_Test_Agent\BuildAgentUpgraded\work\c4a2023210cac123\node_modules\jasmine\node_modules\jasmine-core\lib\jasmine-core\jasmine.js:1898:16
From asynchronous test: 
Error
    at Suite.<anonymous> (D:\Automation_Test_Agent\BuildAgentUpgraded\work\c4a2023210cac123\features\da\mpConfiguration\38525\38525.spec.js:45:5)
    at addSpecsToSuite (D:\Automation_Test_Agent\BuildAgentUpgraded\work\c4a2023210cac123\node_modules\jasmine\node_modules\jasmine-core\lib\jasmine-core\jasmine.js:833:25)
    at Env.describe (D:\Automation_Test_Agent\BuildAgentUpgraded\work\c4a2023210cac123\node_modules\jasmine\node_modules\jasmine-core\lib\jasmine-core\jasmine.js:802:7)
    at jasmineInterface.describe (D:\Automation_Test_Agent\BuildAgentUpgraded\work\c4a2023210cac123\node_modules\jasmine\node_modules\jasmine-core\lib\jasmine-core\jasmine.js:3375:18)
    at Object.<anonymous> (D:\Automation_Test_Agent\BuildAgentUpgraded\work\c4a2023210cac123\features\da\mpConfiguration\38525\38525.spec.js:15:1)
    at Module._compile (module.js:435:26)
    at Object.Module._extensions..js (module.js:442:10)
    at Module.load (module.js:356:32)
    at Function.Module._load (module.js:311:12)]]>
   </failure>
  </testcase>
 </testsuite>
 <testsuite name="DA::MP Configuration" timestamp="2019-03-14T19:41:53" hostname="localhost" time="7.015" errors="0" tests="1" skipped="0" disabled="0" failures="2">
  <testcase classname="04. User adds a new MP (Effective Change Date = Today) - ALM ID 38541 (failing because RDARR-11621)" name="should add a new MP to for a KRM with Effective Change Date = Today" time="4.575">
   <failure type="exception" message="Failed: portalServices.navigation.openHome is not a function"><![CDATA[TypeError: portalServices.navigation.openHome is not a function
    at Object.<anonymous> (D:\Automation_Test_Agent\BuildAgentUpgraded\work\c4a2023210cac123\features\da\mpConfiguration\38541\38541.spec.js:20:35)
    at D:\Automation_Test_Agent\BuildAgentUpgraded\work\c4a2023210cac123\node_modules\protractor\node_modules\jasminewd2\index.js:90:15
    at new ManagedPromise (D:\Automation_Test_Agent\BuildAgentUpgraded\work\c4a2023210cac123\node_modules\protractor\node_modules\selenium-webdriver\lib\promise.js:1082:7)
    at controlFlowExecute (D:\Automation_Test_Agent\BuildAgentUpgraded\work\c4a2023210cac123\node_modules\protractor\node_modules\jasminewd2\index.js:80:18)
    at TaskQueue.execute_ (D:\Automation_Test_Agent\BuildAgentUpgraded\work\c4a2023210cac123\node_modules\protractor\node_modules\selenium-webdriver\lib\promise.js:2913:14)
    at TaskQueue.executeNext_ (D:\Automation_Test_Agent\BuildAgentUpgraded\work\c4a2023210cac123\node_modules\protractor\node_modules\selenium-webdriver\lib\promise.js:2896:21)
    at D:\Automation_Test_Agent\BuildAgentUpgraded\work\c4a2023210cac123\node_modules\protractor\node_modules\selenium-webdriver\lib\promise.js:2775:27
    at D:\Automation_Test_Agent\BuildAgentUpgraded\work\c4a2023210cac123\node_modules\protractor\node_modules\selenium-webdriver\lib\promise.js:639:7
    at process._tickCallback (node.js:368:9)
From: Task: Run beforeAll in control flow
    at Object.<anonymous> (D:\Automation_Test_Agent\BuildAgentUpgraded\work\c4a2023210cac123\node_modules\protractor\node_modules\jasminewd2\index.js:79:14)
    at attemptAsync (D:\Automation_Test_Agent\BuildAgentUpgraded\work\c4a2023210cac123\node_modules\jasmine\node_modules\jasmine-core\lib\jasmine-core\jasmine.js:1916:24)
    at QueueRunner.run (D:\Automation_Test_Agent\BuildAgentUpgraded\work\c4a2023210cac123\node_modules\jasmine\node_modules\jasmine-core\lib\jasmine-core\jasmine.js:1871:9)
    at QueueRunner.execute (D:\Automation_Test_Agent\BuildAgentUpgraded\work\c4a2023210cac123\node_modules\jasmine\node_modules\jasmine-core\lib\jasmine-core\jasmine.js:1859:10)
    at Env.queueRunnerFactory (D:\Automation_Test_Agent\BuildAgentUpgraded\work\c4a2023210cac123\node_modules\jasmine\node_modules\jasmine-core\lib\jasmine-core\jasmine.js:697:35)
    at Object.fn (D:\Automation_Test_Agent\BuildAgentUpgraded\work\c4a2023210cac123\node_modules\jasmine\node_modules\jasmine-core\lib\jasmine-core\jasmine.js:2464:13)
    at attemptAsync (D:\Automation_Test_Agent\BuildAgentUpgraded\work\c4a2023210cac123\node_modules\jasmine\node_modules\jasmine-core\lib\jasmine-core\jasmine.js:1916:24)
    at QueueRunner.run (D:\Automation_Test_Agent\BuildAgentUpgraded\work\c4a2023210cac123\node_modules\jasmine\node_modules\jasmine-core\lib\jasmine-core\jasmine.js:1871:9)
    at D:\Automation_Test_Agent\BuildAgentUpgraded\work\c4a2023210cac123\node_modules\jasmine\node_modules\jasmine-core\lib\jasmine-core\jasmine.js:1898:16
    at D:\Automation_Test_Agent\BuildAgentUpgraded\work\c4a2023210cac123\node_modules\jasmine\node_modules\jasmine-core\lib\jasmine-core\jasmine.js:1842:9
From asynchronous test: 
Error
    at Suite.<anonymous> (D:\Automation_Test_Agent\BuildAgentUpgraded\work\c4a2023210cac123\features\da\mpConfiguration\38541\38541.spec.js:18:5)
    at addSpecsToSuite (D:\Automation_Test_Agent\BuildAgentUpgraded\work\c4a2023210cac123\node_modules\jasmine\node_modules\jasmine-core\lib\jasmine-core\jasmine.js:833:25)
    at Env.describe (D:\Automation_Test_Agent\BuildAgentUpgraded\work\c4a2023210cac123\node_modules\jasmine\node_modules\jasmine-core\lib\jasmine-core\jasmine.js:802:7)
    at jasmineInterface.describe (D:\Automation_Test_Agent\BuildAgentUpgraded\work\c4a2023210cac123\node_modules\jasmine\node_modules\jasmine-core\lib\jasmine-core\jasmine.js:3375:18)
    at Object.<anonymous> (D:\Automation_Test_Agent\BuildAgentUpgraded\work\c4a2023210cac123\features\da\mpConfiguration\38541\38541.spec.js:16:1)
    at Module._compile (module.js:435:26)
    at Object.Module._extensions..js (module.js:442:10)
    at Module.load (module.js:356:32)
    at Function.Module._load (module.js:311:12)]]>
   </failure>
   <failure type="exception" message="Failed: No element found using locator: By(xpath, //div[contains(@class, &apos;card-mp-configuration&apos;)])"><![CDATA[NoSuchElementError: No element found using locator: By(xpath, //div[contains(@class, 'card-mp-configuration')])
    at WebDriverError (D:\Automation_Test_Agent\BuildAgentUpgraded\work\c4a2023210cac123\node_modules\protractor\node_modules\selenium-webdriver\lib\error.js:27:10)
    at NoSuchElementError (D:\Automation_Test_Agent\BuildAgentUpgraded\work\c4a2023210cac123\node_modules\protractor\node_modules\selenium-webdriver\lib\error.js:242:10)
    at D:\Automation_Test_Agent\BuildAgentUpgraded\work\c4a2023210cac123\node_modules\protractor\built\element.js:808:27
    at ManagedPromise.invokeCallback_ (D:\Automation_Test_Agent\BuildAgentUpgraded\work\c4a2023210cac123\node_modules\protractor\node_modules\selenium-webdriver\lib\promise.js:1379:14)
    at TaskQueue.execute_ (D:\Automation_Test_Agent\BuildAgentUpgraded\work\c4a2023210cac123\node_modules\protractor\node_modules\selenium-webdriver\lib\promise.js:2913:14)
    at TaskQueue.executeNext_ (D:\Automation_Test_Agent\BuildAgentUpgraded\work\c4a2023210cac123\node_modules\protractor\node_modules\selenium-webdriver\lib\promise.js:2896:21)
    at D:\Automation_Test_Agent\BuildAgentUpgraded\work\c4a2023210cac123\node_modules\protractor\node_modules\selenium-webdriver\lib\promise.js:2775:27
    at D:\Automation_Test_Agent\BuildAgentUpgraded\work\c4a2023210cac123\node_modules\protractor\node_modules\selenium-webdriver\lib\promise.js:639:7
    at process._tickCallback (node.js:368:9)Error
    at ElementArrayFinder.applyAction_ (D:\Automation_Test_Agent\BuildAgentUpgraded\work\c4a2023210cac123\node_modules\protractor\built\element.js:461:27)
    at ElementArrayFinder._this.(anonymous function) [as click] (D:\Automation_Test_Agent\BuildAgentUpgraded\work\c4a2023210cac123\node_modules\protractor\built\element.js:103:30)
    at ElementFinder.(anonymous function) [as click] (D:\Automation_Test_Agent\BuildAgentUpgraded\work\c4a2023210cac123\node_modules\protractor\built\element.js:829:22)
    at ButtonWrapper.click (D:\Automation_Test_Agent\BuildAgentUpgraded\work\c4a2023210cac123\features\wrappers\ButtonWrapper.js:20:23)
    at Object.goToMpConfiguration (D:\Automation_Test_Agent\BuildAgentUpgraded\work\c4a2023210cac123\features\da\home\home.actions.js:14:53)
    at goToMpConfiguration (D:\Automation_Test_Agent\BuildAgentUpgraded\work\c4a2023210cac123\features\da\mpConfiguration\38541\38541.spec.js:71:31)
    at addMP (D:\Automation_Test_Agent\BuildAgentUpgraded\work\c4a2023210cac123\features\da\mpConfiguration\38541\38541.spec.js:54:9)
    at Object.<anonymous> (D:\Automation_Test_Agent\BuildAgentUpgraded\work\c4a2023210cac123\features\da\mpConfiguration\38541\38541.spec.js:48:9)
    at D:\Automation_Test_Agent\BuildAgentUpgraded\work\c4a2023210cac123\node_modules\protractor\node_modules\jasminewd2\index.js:94:23
    at new ManagedPromise (D:\Automation_Test_Agent\BuildAgentUpgraded\work\c4a2023210cac123\node_modules\protractor\node_modules\selenium-webdriver\lib\promise.js:1082:7)
From: Task: Run it("should add a new MP to for a KRM with Effective Change Date = Today") in control flow
    at Object.<anonymous> (D:\Automation_Test_Agent\BuildAgentUpgraded\work\c4a2023210cac123\node_modules\protractor\node_modules\jasminewd2\index.js:79:14)
    at attemptAsync (D:\Automation_Test_Agent\BuildAgentUpgraded\work\c4a2023210cac123\node_modules\jasmine\node_modules\jasmine-core\lib\jasmine-core\jasmine.js:1916:24)
    at QueueRunner.run (D:\Automation_Test_Agent\BuildAgentUpgraded\work\c4a2023210cac123\node_modules\jasmine\node_modules\jasmine-core\lib\jasmine-core\jasmine.js:1871:9)
    at QueueRunner.execute (D:\Automation_Test_Agent\BuildAgentUpgraded\work\c4a2023210cac123\node_modules\jasmine\node_modules\jasmine-core\lib\jasmine-core\jasmine.js:1859:10)
    at Spec.Env.queueRunnerFactory (D:\Automation_Test_Agent\BuildAgentUpgraded\work\c4a2023210cac123\node_modules\jasmine\node_modules\jasmine-core\lib\jasmine-core\jasmine.js:697:35)
    at Spec.execute (D:\Automation_Test_Agent\BuildAgentUpgraded\work\c4a2023210cac123\node_modules\jasmine\node_modules\jasmine-core\lib\jasmine-core\jasmine.js:359:10)
    at Object.fn (D:\Automation_Test_Agent\BuildAgentUpgraded\work\c4a2023210cac123\node_modules\jasmine\node_modules\jasmine-core\lib\jasmine-core\jasmine.js:2479:37)
    at attemptAsync (D:\Automation_Test_Agent\BuildAgentUpgraded\work\c4a2023210cac123\node_modules\jasmine\node_modules\jasmine-core\lib\jasmine-core\jasmine.js:1916:24)
    at QueueRunner.run (D:\Automation_Test_Agent\BuildAgentUpgraded\work\c4a2023210cac123\node_modules\jasmine\node_modules\jasmine-core\lib\jasmine-core\jasmine.js:1871:9)
    at D:\Automation_Test_Agent\BuildAgentUpgraded\work\c4a2023210cac123\node_modules\jasmine\node_modules\jasmine-core\lib\jasmine-core\jasmine.js:1898:16
From asynchronous test: 
Error
    at Suite.<anonymous> (D:\Automation_Test_Agent\BuildAgentUpgraded\work\c4a2023210cac123\features\da\mpConfiguration\38541\38541.spec.js:47:5)
    at addSpecsToSuite (D:\Automation_Test_Agent\BuildAgentUpgraded\work\c4a2023210cac123\node_modules\jasmine\node_modules\jasmine-core\lib\jasmine-core\jasmine.js:833:25)
    at Env.describe (D:\Automation_Test_Agent\BuildAgentUpgraded\work\c4a2023210cac123\node_modules\jasmine\node_modules\jasmine-core\lib\jasmine-core\jasmine.js:802:7)
    at jasmineInterface.describe (D:\Automation_Test_Agent\BuildAgentUpgraded\work\c4a2023210cac123\node_modules\jasmine\node_modules\jasmine-core\lib\jasmine-core\jasmine.js:3375:18)
    at Object.<anonymous> (D:\Automation_Test_Agent\BuildAgentUpgraded\work\c4a2023210cac123\features\da\mpConfiguration\38541\38541.spec.js:16:1)
    at Module._compile (module.js:435:26)
    at Object.Module._extensions..js (module.js:442:10)
    at Module.load (module.js:356:32)
    at Function.Module._load (module.js:311:12)]]>
   </failure>
  </testcase>
 </testsuite>
 <testsuite name="Portal::Login" timestamp="2019-03-14T19:42:00" hostname="localhost" time="55.157" errors="0" tests="2" skipped="0" disabled="0" failures="0">
  <testcase classname="Portal Login" name="Can login as Administrator @Critical" time="27.599" />
  <testcase classname="Portal Login" name="Can login as KRM Admin" time="27.558" />
 </testsuite>
 <testsuite name="Portal::Navigation" timestamp="2019-03-14T19:42:55" hostname="localhost" time="264.687" errors="0" tests="5" skipped="0" disabled="0" failures="0">
  <testcase classname="Portal Modules" name="Can navigate to DA" time="52.515" />
  <testcase classname="Portal Modules" name="Can navigate to RR" time="55.612" />
  <testcase classname="Portal Modules" name="Can navigate to SA" time="62.447" />
  <testcase classname="Portal Modules" name="Can navigate to Standards" time="61.378" />
  <testcase classname="Portal Modules" name="Can navigate to Admin" time="32.733" />
 </testsuite>
 <testsuite name="Portal::Login" timestamp="2019-03-14T19:47:20" hostname="localhost" time="31.005" errors="0" tests="1" skipped="0" disabled="0" failures="1">
  <testcase classname="Websso" name="Can login with user and password" time="31.005">
   <failure type="toContain" message="Expected &apos;https://login-intranet.isso.intranet.db.com/websso/sso_Logon.sso&apos; to contain &apos;Welcome&apos;."><![CDATA[Error: Failed expectation
    at Object.<anonymous> (D:\Automation_Test_Agent\BuildAgentUpgraded\work\c4a2023210cac123\features\portal\websso\websso.spec.js:14:25)
    at D:\Automation_Test_Agent\BuildAgentUpgraded\work\c4a2023210cac123\node_modules\protractor\node_modules\jasminewd2\index.js:94:23
    at new ManagedPromise (D:\Automation_Test_Agent\BuildAgentUpgraded\work\c4a2023210cac123\node_modules\protractor\node_modules\selenium-webdriver\lib\promise.js:1082:7)
    at controlFlowExecute (D:\Automation_Test_Agent\BuildAgentUpgraded\work\c4a2023210cac123\node_modules\protractor\node_modules\jasminewd2\index.js:80:18)
    at TaskQueue.execute_ (D:\Automation_Test_Agent\BuildAgentUpgraded\work\c4a2023210cac123\node_modules\protractor\node_modules\selenium-webdriver\lib\promise.js:2913:14)
    at TaskQueue.executeNext_ (D:\Automation_Test_Agent\BuildAgentUpgraded\work\c4a2023210cac123\node_modules\protractor\node_modules\selenium-webdriver\lib\promise.js:2896:21)
    at D:\Automation_Test_Agent\BuildAgentUpgraded\work\c4a2023210cac123\node_modules\protractor\node_modules\selenium-webdriver\lib\promise.js:2820:25
    at D:\Automation_Test_Agent\BuildAgentUpgraded\work\c4a2023210cac123\node_modules\protractor\node_modules\selenium-webdriver\lib\promise.js:639:7
    at process._tickCallback (node.js:368:9)]]>
   </failure>
  </testcase>
 </testsuite>
</testsuites>